[debug] [2024-06-01T09:50:08.712Z] ----------------------------------------------------------------------
[debug] [2024-06-01T09:50:08.722Z] Command:       C:\Users\7a69\AppData\Roaming\nvm\v20.6.1\node.exe C:\Users\7a69\AppData\Roaming\nvm\v20.6.1\node_modules\firebase-tools\lib\bin\firebase.js deploy --only functions
[debug] [2024-06-01T09:50:08.722Z] CLI Version:   13.8.0
[debug] [2024-06-01T09:50:08.722Z] Platform:      win32
[debug] [2024-06-01T09:50:08.722Z] Node Version:  v20.6.1
[debug] [2024-06-01T09:50:08.722Z] Time:          Sat Jun 01 2024 18:50:08 GMT+0900 (Korean Standard Time)
[debug] [2024-06-01T09:50:08.722Z] ----------------------------------------------------------------------
[debug] 
[debug] [2024-06-01T09:50:08.730Z] >>> [apiv2][query] GET https://firebase-public.firebaseio.com/cli.json [none]
[debug] [2024-06-01T09:50:08.803Z] > command requires scopes: ["email","openid","https://www.googleapis.com/auth/cloudplatformprojects.readonly","https://www.googleapis.com/auth/firebase","https://www.googleapis.com/auth/cloud-platform"]
[debug] [2024-06-01T09:50:08.803Z] > authorizing via signed-in user (commonsourcelab@gmail.com)
[debug] [2024-06-01T09:50:08.803Z] [iam] checking project speakeasy-6e7c8 for permissions ["cloudfunctions.functions.create","cloudfunctions.functions.delete","cloudfunctions.functions.get","cloudfunctions.functions.list","cloudfunctions.functions.update","cloudfunctions.operations.get","firebase.projects.get"]
[debug] [2024-06-01T09:50:08.804Z] > refreshing access token with scopes: []
[debug] [2024-06-01T09:50:08.804Z] >>> [apiv2][query] POST https://www.googleapis.com/oauth2/v3/token [none]
[debug] [2024-06-01T09:50:08.805Z] >>> [apiv2][body] POST https://www.googleapis.com/oauth2/v3/token [omitted]
[debug] [2024-06-01T09:50:09.035Z] <<< [apiv2][status] POST https://www.googleapis.com/oauth2/v3/token 200
[debug] [2024-06-01T09:50:09.036Z] <<< [apiv2][body] POST https://www.googleapis.com/oauth2/v3/token [omitted]
[debug] [2024-06-01T09:50:09.058Z] >>> [apiv2][query] POST https://cloudresourcemanager.googleapis.com/v1/projects/speakeasy-6e7c8:testIamPermissions [none]
[debug] [2024-06-01T09:50:09.058Z] >>> [apiv2][(partial)header] POST https://cloudresourcemanager.googleapis.com/v1/projects/speakeasy-6e7c8:testIamPermissions x-goog-quota-user=projects/speakeasy-6e7c8
[debug] [2024-06-01T09:50:09.058Z] >>> [apiv2][body] POST https://cloudresourcemanager.googleapis.com/v1/projects/speakeasy-6e7c8:testIamPermissions {"permissions":["cloudfunctions.functions.create","cloudfunctions.functions.delete","cloudfunctions.functions.get","cloudfunctions.functions.list","cloudfunctions.functions.update","cloudfunctions.operations.get","firebase.projects.get"]}
[debug] [2024-06-01T09:50:09.229Z] <<< [apiv2][status] GET https://firebase-public.firebaseio.com/cli.json 200
[debug] [2024-06-01T09:50:09.229Z] <<< [apiv2][body] GET https://firebase-public.firebaseio.com/cli.json {"cloudBuildErrorAfter":1594252800000,"cloudBuildWarnAfter":1590019200000,"defaultNode10After":1594252800000,"minVersion":"3.0.5","node8DeploysDisabledAfter":1613390400000,"node8RuntimeDisabledAfter":1615809600000,"node8WarnAfter":1600128000000}
[debug] [2024-06-01T09:50:09.942Z] <<< [apiv2][status] POST https://cloudresourcemanager.googleapis.com/v1/projects/speakeasy-6e7c8:testIamPermissions 200
[debug] [2024-06-01T09:50:09.942Z] <<< [apiv2][body] POST https://cloudresourcemanager.googleapis.com/v1/projects/speakeasy-6e7c8:testIamPermissions {"permissions":["cloudfunctions.functions.create","cloudfunctions.functions.delete","cloudfunctions.functions.get","cloudfunctions.functions.list","cloudfunctions.functions.update","cloudfunctions.operations.get","firebase.projects.get"]}
[debug] [2024-06-01T09:50:09.943Z] >>> [apiv2][query] POST https://iam.googleapis.com/v1/projects/speakeasy-6e7c8/serviceAccounts/speakeasy-6e7c8@appspot.gserviceaccount.com:testIamPermissions [none]
[debug] [2024-06-01T09:50:09.943Z] >>> [apiv2][body] POST https://iam.googleapis.com/v1/projects/speakeasy-6e7c8/serviceAccounts/speakeasy-6e7c8@appspot.gserviceaccount.com:testIamPermissions {"permissions":["iam.serviceAccounts.actAs"]}
